<?xml version="1.0" encoding="UTF-8"?>
<!-- Generated by org.testng.reporters.JUnitReportReporter -->
<testsuite hostname="Reems-MacBook-Air.local" failures="0" tests="3" name="scripts._01_CarsSignInPageTest" time="68.614" errors="0" timestamp="2022-06-07T00:36:04 CDT" skipped="0">
  <testcase classname="scripts._01_CarsSignInPageTest" name="validateCarsSignInPage" time="20.804"/>
  <system-out/>
  <testcase classname="scripts._01_CarsSignInPageTest" name="validateCarsSignInPageSocialMediaSection" time="21.887"/>
  <system-out/>
  <testcase classname="scripts._01_CarsSignInPageTest" name="validateUserCantSignIn" time="25.923"/>
  <system-out/>
</testsuite> <!-- scripts._01_CarsSignInPageTest -->
